\BOOKMARK [0][-]{chapter.1}{\376\377\0001\000\040\000N\000a\000m\000e\000s\000p\000a\000c\000e\000\040\000I\000n\000d\000e\000x}{}% 1
\BOOKMARK [1][-]{section.1.1}{\376\377\0001\000.\0001\000\040\000P\000a\000c\000k\000a\000g\000e\000s}{chapter.1}% 2
\BOOKMARK [0][-]{chapter.2}{\376\377\0002\000\040\000H\000i\000e\000r\000a\000r\000c\000h\000i\000c\000a\000l\000\040\000I\000n\000d\000e\000x}{}% 3
\BOOKMARK [1][-]{section.2.1}{\376\377\0002\000.\0001\000\040\000C\000l\000a\000s\000s\000\040\000H\000i\000e\000r\000a\000r\000c\000h\000y}{chapter.2}% 4
\BOOKMARK [0][-]{chapter.3}{\376\377\0003\000\040\000C\000l\000a\000s\000s\000\040\000I\000n\000d\000e\000x}{}% 5
\BOOKMARK [1][-]{section.3.1}{\376\377\0003\000.\0001\000\040\000C\000l\000a\000s\000s\000\040\000L\000i\000s\000t}{chapter.3}% 6
\BOOKMARK [0][-]{chapter.4}{\376\377\0004\000\040\000N\000a\000m\000e\000s\000p\000a\000c\000e\000\040\000D\000o\000c\000u\000m\000e\000n\000t\000a\000t\000i\000o\000n}{}% 7
\BOOKMARK [1][-]{section.4.1}{\376\377\0004\000.\0001\000\040\000T\000i\000m\000e\000W\000a\000r\000\040\000N\000a\000m\000e\000s\000p\000a\000c\000e\000\040\000R\000e\000f\000e\000r\000e\000n\000c\000e}{chapter.4}% 8
\BOOKMARK [1][-]{section.4.2}{\376\377\0004\000.\0002\000\040\000T\000i\000m\000e\000W\000a\000r\000.\000L\000o\000g\000i\000c\000\040\000N\000a\000m\000e\000s\000p\000a\000c\000e\000\040\000R\000e\000f\000e\000r\000e\000n\000c\000e}{chapter.4}% 9
\BOOKMARK [1][-]{section.4.3}{\376\377\0004\000.\0003\000\040\000T\000i\000m\000e\000W\000a\000r\000.\000L\000o\000g\000i\000c\000.\000C\000l\000a\000s\000s\000e\000s\000\040\000N\000a\000m\000e\000s\000p\000a\000c\000e\000\040\000R\000e\000f\000e\000r\000e\000n\000c\000e}{chapter.4}% 10
\BOOKMARK [1][-]{section.4.4}{\376\377\0004\000.\0004\000\040\000T\000i\000m\000e\000W\000a\000r\000.\000L\000o\000g\000i\000c\000.\000C\000l\000a\000s\000s\000e\000s\000.\000C\000h\000a\000r\000a\000c\000t\000e\000r\000s\000\040\000N\000a\000m\000e\000s\000p\000a\000c\000e\000\040\000R\000e\000f\000e\000r\000e\000n\000c\000e}{chapter.4}% 11
\BOOKMARK [1][-]{section.4.5}{\376\377\0004\000.\0005\000\040\000T\000i\000m\000e\000W\000a\000r\000.\000L\000o\000g\000i\000c\000.\000C\000l\000a\000s\000s\000e\000s\000.\000C\000h\000a\000r\000a\000c\000t\000e\000r\000s\000.\000A\000c\000t\000i\000o\000n\000s\000\040\000N\000a\000m\000e\000s\000p\000a\000c\000e\000\040\000R\000e\000f\000e\000r\000e\000n\000c\000e}{chapter.4}% 12
\BOOKMARK [1][-]{section.4.6}{\376\377\0004\000.\0006\000\040\000T\000i\000m\000e\000W\000a\000r\000.\000L\000o\000g\000i\000c\000.\000I\000n\000t\000e\000r\000f\000a\000c\000e\000s\000\040\000N\000a\000m\000e\000s\000p\000a\000c\000e\000\040\000R\000e\000f\000e\000r\000e\000n\000c\000e}{chapter.4}% 13
\BOOKMARK [1][-]{section.4.7}{\376\377\0004\000.\0007\000\040\000T\000i\000m\000e\000W\000a\000r\000.\000M\000a\000i\000n\000\040\000N\000a\000m\000e\000s\000p\000a\000c\000e\000\040\000R\000e\000f\000e\000r\000e\000n\000c\000e}{chapter.4}% 14
\BOOKMARK [1][-]{section.4.8}{\376\377\0004\000.\0008\000\040\000T\000i\000m\000e\000W\000a\000r\000.\000M\000o\000d\000e\000l\000\040\000N\000a\000m\000e\000s\000p\000a\000c\000e\000\040\000R\000e\000f\000e\000r\000e\000n\000c\000e}{chapter.4}% 15
\BOOKMARK [1][-]{section.4.9}{\376\377\0004\000.\0009\000\040\000T\000i\000m\000e\000W\000a\000r\000.\000M\000o\000d\000e\000l\000.\000O\000b\000j\000e\000c\000t\000s\000\040\000N\000a\000m\000e\000s\000p\000a\000c\000e\000\040\000R\000e\000f\000e\000r\000e\000n\000c\000e}{chapter.4}% 16
\BOOKMARK [2][-]{subsection.4.9.1}{\376\377\0004\000.\0009\000.\0001\000\040\000E\000n\000u\000m\000e\000r\000a\000t\000i\000o\000n\000\040\000T\000y\000p\000e\000\040\000D\000o\000c\000u\000m\000e\000n\000t\000a\000t\000i\000o\000n}{section.4.9}% 17
\BOOKMARK [3][-]{subsubsection.4.9.1.1}{\376\377\0004\000.\0009\000.\0001\000.\0001\000\040\000D\000i\000r\000e\000c\000t\000i\000o\000n\000s}{subsection.4.9.1}% 18
\BOOKMARK [1][-]{section.4.10}{\376\377\0004\000.\0001\0000\000\040\000T\000i\000m\000e\000W\000a\000r\000.\000M\000o\000d\000e\000l\000.\000O\000b\000j\000e\000c\000t\000s\000.\000I\000n\000t\000e\000r\000f\000a\000c\000e\000s\000\040\000N\000a\000m\000e\000s\000p\000a\000c\000e\000\040\000R\000e\000f\000e\000r\000e\000n\000c\000e}{chapter.4}% 19
\BOOKMARK [1][-]{section.4.11}{\376\377\0004\000.\0001\0001\000\040\000T\000i\000m\000e\000W\000a\000r\000.\000R\000e\000n\000d\000e\000r\000e\000r\000\040\000N\000a\000m\000e\000s\000p\000a\000c\000e\000\040\000R\000e\000f\000e\000r\000e\000n\000c\000e}{chapter.4}% 20
\BOOKMARK [1][-]{section.4.12}{\376\377\0004\000.\0001\0002\000\040\000X\000a\000m\000l\000G\000e\000n\000e\000r\000a\000t\000e\000d\000N\000a\000m\000e\000s\000p\000a\000c\000e\000\040\000N\000a\000m\000e\000s\000p\000a\000c\000e\000\040\000R\000e\000f\000e\000r\000e\000n\000c\000e}{chapter.4}% 21
\BOOKMARK [0][-]{chapter.5}{\376\377\0005\000\040\000C\000l\000a\000s\000s\000\040\000D\000o\000c\000u\000m\000e\000n\000t\000a\000t\000i\000o\000n}{}% 22
\BOOKMARK [1][-]{section.5.1}{\376\377\0005\000.\0001\000\040\000T\000i\000m\000e\000W\000a\000r\000.\000M\000a\000i\000n\000.\000A\000p\000p\000\040\000C\000l\000a\000s\000s\000\040\000R\000e\000f\000e\000r\000e\000n\000c\000e}{chapter.5}% 23
\BOOKMARK [2][-]{subsection.5.1.1}{\376\377\0005\000.\0001\000.\0001\000\040\000D\000e\000t\000a\000i\000l\000e\000d\000\040\000D\000e\000s\000c\000r\000i\000p\000t\000i\000o\000n}{section.5.1}% 24
\BOOKMARK [2][-]{subsection.5.1.2}{\376\377\0005\000.\0001\000.\0002\000\040\000M\000e\000m\000b\000e\000r\000\040\000F\000u\000n\000c\000t\000i\000o\000n\000\040\000D\000o\000c\000u\000m\000e\000n\000t\000a\000t\000i\000o\000n}{section.5.1}% 25
\BOOKMARK [3][-]{subsubsection.5.1.2.1}{\376\377\0005\000.\0001\000.\0002\000.\0001\000\040\000I\000n\000i\000t\000i\000a\000l\000i\000z\000e\000C\000o\000m\000p\000o\000n\000e\000n\000t\000\050\000\051\000\040\000[\0001\000/\0002\000]}{subsection.5.1.2}% 26
\BOOKMARK [3][-]{subsubsection.5.1.2.2}{\376\377\0005\000.\0001\000.\0002\000.\0002\000\040\000I\000n\000i\000t\000i\000a\000l\000i\000z\000e\000C\000o\000m\000p\000o\000n\000e\000n\000t\000\050\000\051\000\040\000[\0002\000/\0002\000]}{subsection.5.1.2}% 27
\BOOKMARK [3][-]{subsubsection.5.1.2.3}{\376\377\0005\000.\0001\000.\0002\000.\0003\000\040\000M\000a\000i\000n\000\050\000\051\000\040\000[\0001\000/\0002\000]}{subsection.5.1.2}% 28
\BOOKMARK [3][-]{subsubsection.5.1.2.4}{\376\377\0005\000.\0001\000.\0002\000.\0004\000\040\000M\000a\000i\000n\000\050\000\051\000\040\000[\0002\000/\0002\000]}{subsection.5.1.2}% 29
\BOOKMARK [1][-]{section.5.2}{\376\377\0005\000.\0002\000\040\000T\000i\000m\000e\000W\000a\000r\000.\000M\000o\000d\000e\000l\000.\000O\000b\000j\000e\000c\000t\000s\000.\000C\000h\000a\000r\000a\000c\000t\000e\000r\000\040\000C\000l\000a\000s\000s\000\040\000R\000e\000f\000e\000r\000e\000n\000c\000e}{chapter.5}% 30
\BOOKMARK [2][-]{subsection.5.2.1}{\376\377\0005\000.\0002\000.\0001\000\040\000D\000e\000t\000a\000i\000l\000e\000d\000\040\000D\000e\000s\000c\000r\000i\000p\000t\000i\000o\000n}{section.5.2}% 31
\BOOKMARK [2][-]{subsection.5.2.2}{\376\377\0005\000.\0002\000.\0002\000\040\000C\000o\000n\000s\000t\000r\000u\000c\000t\000o\000r\000\040\000\046\000\040\000D\000e\000s\000t\000r\000u\000c\000t\000o\000r\000\040\000D\000o\000c\000u\000m\000e\000n\000t\000a\000t\000i\000o\000n}{section.5.2}% 32
\BOOKMARK [3][-]{subsubsection.5.2.2.1}{\376\377\0005\000.\0002\000.\0002\000.\0001\000\040\000C\000h\000a\000r\000a\000c\000t\000e\000r\000\050\000\051}{subsection.5.2.2}% 33
\BOOKMARK [2][-]{subsection.5.2.3}{\376\377\0005\000.\0002\000.\0003\000\040\000P\000r\000o\000p\000e\000r\000t\000y\000\040\000D\000o\000c\000u\000m\000e\000n\000t\000a\000t\000i\000o\000n}{section.5.2}% 34
\BOOKMARK [3][-]{subsubsection.5.2.3.1}{\376\377\0005\000.\0002\000.\0003\000.\0001\000\040\000D\000i\000r\000e\000c\000t\000i\000o\000n}{subsection.5.2.3}% 35
\BOOKMARK [3][-]{subsubsection.5.2.3.2}{\376\377\0005\000.\0002\000.\0003\000.\0002\000\040\000H\000e\000a\000l\000t\000h}{subsection.5.2.3}% 36
\BOOKMARK [1][-]{section.5.3}{\376\377\0005\000.\0003\000\040\000T\000i\000m\000e\000W\000a\000r\000.\000L\000o\000g\000i\000c\000.\000C\000h\000a\000r\000a\000c\000t\000e\000r\000L\000o\000g\000i\000c\000\040\000C\000l\000a\000s\000s\000\040\000R\000e\000f\000e\000r\000e\000n\000c\000e}{chapter.5}% 37
\BOOKMARK [2][-]{subsection.5.3.1}{\376\377\0005\000.\0003\000.\0001\000\040\000D\000e\000t\000a\000i\000l\000e\000d\000\040\000D\000e\000s\000c\000r\000i\000p\000t\000i\000o\000n}{section.5.3}% 38
\BOOKMARK [2][-]{subsection.5.3.2}{\376\377\0005\000.\0003\000.\0002\000\040\000C\000o\000n\000s\000t\000r\000u\000c\000t\000o\000r\000\040\000\046\000\040\000D\000e\000s\000t\000r\000u\000c\000t\000o\000r\000\040\000D\000o\000c\000u\000m\000e\000n\000t\000a\000t\000i\000o\000n}{section.5.3}% 39
\BOOKMARK [3][-]{subsubsection.5.3.2.1}{\376\377\0005\000.\0003\000.\0002\000.\0001\000\040\000C\000h\000a\000r\000a\000c\000t\000e\000r\000L\000o\000g\000i\000c\000\050\000\051}{subsection.5.3.2}% 40
\BOOKMARK [2][-]{subsection.5.3.3}{\376\377\0005\000.\0003\000.\0003\000\040\000M\000e\000m\000b\000e\000r\000\040\000F\000u\000n\000c\000t\000i\000o\000n\000\040\000D\000o\000c\000u\000m\000e\000n\000t\000a\000t\000i\000o\000n}{section.5.3}% 41
\BOOKMARK [3][-]{subsubsection.5.3.3.1}{\376\377\0005\000.\0003\000.\0003\000.\0001\000\040\000O\000n\000e\000T\000i\000c\000k\000\050\000\051}{subsection.5.3.3}% 42
\BOOKMARK [1][-]{section.5.4}{\376\377\0005\000.\0004\000\040\000T\000i\000m\000e\000W\000a\000r\000.\000L\000o\000g\000i\000c\000.\000C\000l\000a\000s\000s\000e\000s\000.\000C\000o\000m\000m\000a\000n\000d\000M\000a\000n\000a\000g\000e\000r\000\040\000C\000l\000a\000s\000s\000\040\000R\000e\000f\000e\000r\000e\000n\000c\000e}{chapter.5}% 43
\BOOKMARK [2][-]{subsection.5.4.1}{\376\377\0005\000.\0004\000.\0001\000\040\000D\000e\000t\000a\000i\000l\000e\000d\000\040\000D\000e\000s\000c\000r\000i\000p\000t\000i\000o\000n}{section.5.4}% 44
\BOOKMARK [2][-]{subsection.5.4.2}{\376\377\0005\000.\0004\000.\0002\000\040\000C\000o\000n\000s\000t\000r\000u\000c\000t\000o\000r\000\040\000\046\000\040\000D\000e\000s\000t\000r\000u\000c\000t\000o\000r\000\040\000D\000o\000c\000u\000m\000e\000n\000t\000a\000t\000i\000o\000n}{section.5.4}% 45
\BOOKMARK [3][-]{subsubsection.5.4.2.1}{\376\377\0005\000.\0004\000.\0002\000.\0001\000\040\000C\000o\000m\000m\000a\000n\000d\000M\000a\000n\000a\000g\000e\000r\000\050\000\051}{subsection.5.4.2}% 46
\BOOKMARK [1][-]{section.5.5}{\376\377\0005\000.\0005\000\040\000T\000i\000m\000e\000W\000a\000r\000.\000M\000a\000i\000n\000.\000G\000a\000m\000e\000C\000o\000n\000t\000r\000o\000l\000\040\000C\000l\000a\000s\000s\000\040\000R\000e\000f\000e\000r\000e\000n\000c\000e}{chapter.5}% 47
\BOOKMARK [2][-]{subsection.5.5.1}{\376\377\0005\000.\0005\000.\0001\000\040\000D\000e\000t\000a\000i\000l\000e\000d\000\040\000D\000e\000s\000c\000r\000i\000p\000t\000i\000o\000n}{section.5.5}% 48
\BOOKMARK [2][-]{subsection.5.5.2}{\376\377\0005\000.\0005\000.\0002\000\040\000C\000o\000n\000s\000t\000r\000u\000c\000t\000o\000r\000\040\000\046\000\040\000D\000e\000s\000t\000r\000u\000c\000t\000o\000r\000\040\000D\000o\000c\000u\000m\000e\000n\000t\000a\000t\000i\000o\000n}{section.5.5}% 49
\BOOKMARK [3][-]{subsubsection.5.5.2.1}{\376\377\0005\000.\0005\000.\0002\000.\0001\000\040\000G\000a\000m\000e\000C\000o\000n\000t\000r\000o\000l\000\050\000\051}{subsection.5.5.2}% 50
\BOOKMARK [2][-]{subsection.5.5.3}{\376\377\0005\000.\0005\000.\0003\000\040\000M\000e\000m\000b\000e\000r\000\040\000F\000u\000n\000c\000t\000i\000o\000n\000\040\000D\000o\000c\000u\000m\000e\000n\000t\000a\000t\000i\000o\000n}{section.5.5}% 51
\BOOKMARK [3][-]{subsubsection.5.5.3.1}{\376\377\0005\000.\0005\000.\0003\000.\0001\000\040\000O\000n\000R\000e\000n\000d\000e\000r\000\050\000\051}{subsection.5.5.3}% 52
\BOOKMARK [1][-]{section.5.6}{\376\377\0005\000.\0006\000\040\000T\000i\000m\000e\000W\000a\000r\000.\000M\000o\000d\000e\000l\000.\000G\000a\000m\000e\000M\000o\000d\000e\000l\000\040\000C\000l\000a\000s\000s\000\040\000R\000e\000f\000e\000r\000e\000n\000c\000e}{chapter.5}% 53
\BOOKMARK [2][-]{subsection.5.6.1}{\376\377\0005\000.\0006\000.\0001\000\040\000D\000e\000t\000a\000i\000l\000e\000d\000\040\000D\000e\000s\000c\000r\000i\000p\000t\000i\000o\000n}{section.5.6}% 54
\BOOKMARK [2][-]{subsection.5.6.2}{\376\377\0005\000.\0006\000.\0002\000\040\000C\000o\000n\000s\000t\000r\000u\000c\000t\000o\000r\000\040\000\046\000\040\000D\000e\000s\000t\000r\000u\000c\000t\000o\000r\000\040\000D\000o\000c\000u\000m\000e\000n\000t\000a\000t\000i\000o\000n}{section.5.6}% 55
\BOOKMARK [3][-]{subsubsection.5.6.2.1}{\376\377\0005\000.\0006\000.\0002\000.\0001\000\040\000G\000a\000m\000e\000M\000o\000d\000e\000l\000\050\000\051}{subsection.5.6.2}% 56
\BOOKMARK [2][-]{subsection.5.6.3}{\376\377\0005\000.\0006\000.\0003\000\040\000P\000r\000o\000p\000e\000r\000t\000y\000\040\000D\000o\000c\000u\000m\000e\000n\000t\000a\000t\000i\000o\000n}{section.5.6}% 57
\BOOKMARK [3][-]{subsubsection.5.6.3.1}{\376\377\0005\000.\0006\000.\0003\000.\0001\000\040\000C\000a\000m\000e\000r\000a}{subsection.5.6.3}% 58
\BOOKMARK [3][-]{subsubsection.5.6.3.2}{\376\377\0005\000.\0006\000.\0003\000.\0002\000\040\000C\000u\000r\000r\000e\000n\000t\000W\000o\000r\000l\000d}{subsection.5.6.3}% 59
\BOOKMARK [3][-]{subsubsection.5.6.3.3}{\376\377\0005\000.\0006\000.\0003\000.\0003\000\040\000H\000e\000r\000o}{subsection.5.6.3}% 60
\BOOKMARK [1][-]{section.5.7}{\376\377\0005\000.\0007\000\040\000T\000i\000m\000e\000W\000a\000r\000.\000R\000e\000n\000d\000e\000r\000e\000r\000.\000G\000a\000m\000e\000R\000e\000n\000d\000e\000r\000e\000r\000\040\000C\000l\000a\000s\000s\000\040\000R\000e\000f\000e\000r\000e\000n\000c\000e}{chapter.5}% 61
\BOOKMARK [2][-]{subsection.5.7.1}{\376\377\0005\000.\0007\000.\0001\000\040\000D\000e\000t\000a\000i\000l\000e\000d\000\040\000D\000e\000s\000c\000r\000i\000p\000t\000i\000o\000n}{section.5.7}% 62
\BOOKMARK [2][-]{subsection.5.7.2}{\376\377\0005\000.\0007\000.\0002\000\040\000C\000o\000n\000s\000t\000r\000u\000c\000t\000o\000r\000\040\000\046\000\040\000D\000e\000s\000t\000r\000u\000c\000t\000o\000r\000\040\000D\000o\000c\000u\000m\000e\000n\000t\000a\000t\000i\000o\000n}{section.5.7}% 63
\BOOKMARK [3][-]{subsubsection.5.7.2.1}{\376\377\0005\000.\0007\000.\0002\000.\0001\000\040\000G\000a\000m\000e\000R\000e\000n\000d\000e\000r\000e\000r\000\050\000\051}{subsection.5.7.2}% 64
\BOOKMARK [2][-]{subsection.5.7.3}{\376\377\0005\000.\0007\000.\0003\000\040\000M\000e\000m\000b\000e\000r\000\040\000F\000u\000n\000c\000t\000i\000o\000n\000\040\000D\000o\000c\000u\000m\000e\000n\000t\000a\000t\000i\000o\000n}{section.5.7}% 65
\BOOKMARK [3][-]{subsubsection.5.7.3.1}{\376\377\0005\000.\0007\000.\0003\000.\0001\000\040\000B\000u\000i\000l\000d\000D\000r\000a\000w\000i\000n\000g\000\050\000\051}{subsection.5.7.3}% 66
\BOOKMARK [1][-]{section.5.8}{\376\377\0005\000.\0008\000\040\000T\000i\000m\000e\000W\000a\000r\000.\000M\000o\000d\000e\000l\000.\000O\000b\000j\000e\000c\000t\000s\000.\000G\000a\000m\000e\000W\000o\000r\000l\000d\000\040\000C\000l\000a\000s\000s\000\040\000R\000e\000f\000e\000r\000e\000n\000c\000e}{chapter.5}% 67
\BOOKMARK [2][-]{subsection.5.8.1}{\376\377\0005\000.\0008\000.\0001\000\040\000D\000e\000t\000a\000i\000l\000e\000d\000\040\000D\000e\000s\000c\000r\000i\000p\000t\000i\000o\000n}{section.5.8}% 68
\BOOKMARK [2][-]{subsection.5.8.2}{\376\377\0005\000.\0008\000.\0002\000\040\000C\000o\000n\000s\000t\000r\000u\000c\000t\000o\000r\000\040\000\046\000\040\000D\000e\000s\000t\000r\000u\000c\000t\000o\000r\000\040\000D\000o\000c\000u\000m\000e\000n\000t\000a\000t\000i\000o\000n}{section.5.8}% 69
\BOOKMARK [3][-]{subsubsection.5.8.2.1}{\376\377\0005\000.\0008\000.\0002\000.\0001\000\040\000G\000a\000m\000e\000W\000o\000r\000l\000d\000\050\000\051}{subsection.5.8.2}% 70
\BOOKMARK [2][-]{subsection.5.8.3}{\376\377\0005\000.\0008\000.\0003\000\040\000M\000e\000m\000b\000e\000r\000\040\000F\000u\000n\000c\000t\000i\000o\000n\000\040\000D\000o\000c\000u\000m\000e\000n\000t\000a\000t\000i\000o\000n}{section.5.8}% 71
\BOOKMARK [3][-]{subsubsection.5.8.3.1}{\376\377\0005\000.\0008\000.\0003\000.\0001\000\040\000A\000d\000d\000G\000r\000o\000u\000n\000d\000\050\000\051}{subsection.5.8.3}% 72
\BOOKMARK [3][-]{subsubsection.5.8.3.2}{\376\377\0005\000.\0008\000.\0003\000.\0002\000\040\000A\000d\000d\000P\000o\000i\000n\000t\000O\000f\000I\000n\000t\000e\000r\000e\000s\000t\000\050\000\051}{subsection.5.8.3}% 73
\BOOKMARK [3][-]{subsubsection.5.8.3.3}{\376\377\0005\000.\0008\000.\0003\000.\0003\000\040\000R\000e\000m\000o\000v\000e\000G\000r\000o\000u\000n\000d\000\050\000\051}{subsection.5.8.3}% 74
\BOOKMARK [3][-]{subsubsection.5.8.3.4}{\376\377\0005\000.\0008\000.\0003\000.\0004\000\040\000S\000e\000a\000r\000c\000h\000P\000o\000i\000n\000t\000O\000f\000I\000n\000t\000e\000r\000e\000s\000t\000\050\000\051}{subsection.5.8.3}% 75
\BOOKMARK [2][-]{subsection.5.8.4}{\376\377\0005\000.\0008\000.\0004\000\040\000P\000r\000o\000p\000e\000r\000t\000y\000\040\000D\000o\000c\000u\000m\000e\000n\000t\000a\000t\000i\000o\000n}{section.5.8}% 76
\BOOKMARK [3][-]{subsubsection.5.8.4.1}{\376\377\0005\000.\0008\000.\0004\000.\0001\000\040\000G\000a\000m\000e\000H\000e\000i\000g\000h\000t}{subsection.5.8.4}% 77
\BOOKMARK [3][-]{subsubsection.5.8.4.2}{\376\377\0005\000.\0008\000.\0004\000.\0002\000\040\000G\000a\000m\000e\000W\000i\000d\000t\000h}{subsection.5.8.4}% 78
\BOOKMARK [3][-]{subsubsection.5.8.4.3}{\376\377\0005\000.\0008\000.\0004\000.\0003\000\040\000G\000e\000t\000T\000i\000l\000e\000H\000e\000i\000g\000h\000t}{subsection.5.8.4}% 79
\BOOKMARK [3][-]{subsubsection.5.8.4.4}{\376\377\0005\000.\0008\000.\0004\000.\0004\000\040\000G\000e\000t\000T\000i\000l\000e\000W\000i\000d\000t\000h}{subsection.5.8.4}% 80
\BOOKMARK [3][-]{subsubsection.5.8.4.5}{\376\377\0005\000.\0008\000.\0004\000.\0005\000\040\000M\000a\000g\000n\000i\000f\000y}{subsection.5.8.4}% 81
\BOOKMARK [3][-]{subsubsection.5.8.4.6}{\376\377\0005\000.\0008\000.\0004\000.\0006\000\040\000T\000i\000l\000e\000S\000i\000z\000e}{subsection.5.8.4}% 82
\BOOKMARK [3][-]{subsubsection.5.8.4.7}{\376\377\0005\000.\0008\000.\0004\000.\0007\000\040\000W\000o\000r\000l\000d\000N\000a\000m\000e}{subsection.5.8.4}% 83
\BOOKMARK [1][-]{section.5.9}{\376\377\0005\000.\0009\000\040\000X\000a\000m\000l\000G\000e\000n\000e\000r\000a\000t\000e\000d\000N\000a\000m\000e\000s\000p\000a\000c\000e\000.\000G\000e\000n\000e\000r\000a\000t\000e\000d\000I\000n\000t\000e\000r\000n\000a\000l\000T\000y\000p\000e\000H\000e\000l\000p\000e\000r\000\040\000C\000l\000a\000s\000s\000\040\000R\000e\000f\000e\000r\000e\000n\000c\000e}{chapter.5}% 84
\BOOKMARK [2][-]{subsection.5.9.1}{\376\377\0005\000.\0009\000.\0001\000\040\000D\000e\000t\000a\000i\000l\000e\000d\000\040\000D\000e\000s\000c\000r\000i\000p\000t\000i\000o\000n}{section.5.9}% 85
\BOOKMARK [2][-]{subsection.5.9.2}{\376\377\0005\000.\0009\000.\0002\000\040\000M\000e\000m\000b\000e\000r\000\040\000F\000u\000n\000c\000t\000i\000o\000n\000\040\000D\000o\000c\000u\000m\000e\000n\000t\000a\000t\000i\000o\000n}{section.5.9}% 86
\BOOKMARK [3][-]{subsubsection.5.9.2.1}{\376\377\0005\000.\0009\000.\0002\000.\0001\000\040\000A\000d\000d\000E\000v\000e\000n\000t\000H\000a\000n\000d\000l\000e\000r\000\050\000\051\000\040\000[\0001\000/\0002\000]}{subsection.5.9.2}% 87
\BOOKMARK [3][-]{subsubsection.5.9.2.2}{\376\377\0005\000.\0009\000.\0002\000.\0002\000\040\000A\000d\000d\000E\000v\000e\000n\000t\000H\000a\000n\000d\000l\000e\000r\000\050\000\051\000\040\000[\0002\000/\0002\000]}{subsection.5.9.2}% 88
\BOOKMARK [3][-]{subsubsection.5.9.2.3}{\376\377\0005\000.\0009\000.\0002\000.\0003\000\040\000C\000r\000e\000a\000t\000e\000D\000e\000l\000e\000g\000a\000t\000e\000\050\000\051\000\040\000[\0001\000/\0002\000]}{subsection.5.9.2}% 89
\BOOKMARK [3][-]{subsubsection.5.9.2.4}{\376\377\0005\000.\0009\000.\0002\000.\0004\000\040\000C\000r\000e\000a\000t\000e\000D\000e\000l\000e\000g\000a\000t\000e\000\050\000\051\000\040\000[\0002\000/\0002\000]}{subsection.5.9.2}% 90
\BOOKMARK [3][-]{subsubsection.5.9.2.5}{\376\377\0005\000.\0009\000.\0002\000.\0005\000\040\000C\000r\000e\000a\000t\000e\000I\000n\000s\000t\000a\000n\000c\000e\000\050\000\051\000\040\000[\0001\000/\0002\000]}{subsection.5.9.2}% 91
\BOOKMARK [3][-]{subsubsection.5.9.2.6}{\376\377\0005\000.\0009\000.\0002\000.\0006\000\040\000C\000r\000e\000a\000t\000e\000I\000n\000s\000t\000a\000n\000c\000e\000\050\000\051\000\040\000[\0002\000/\0002\000]}{subsection.5.9.2}% 92
\BOOKMARK [3][-]{subsubsection.5.9.2.7}{\376\377\0005\000.\0009\000.\0002\000.\0007\000\040\000G\000e\000t\000P\000r\000o\000p\000e\000r\000t\000y\000V\000a\000l\000u\000e\000\050\000\051\000\040\000[\0001\000/\0002\000]}{subsection.5.9.2}% 93
\BOOKMARK [3][-]{subsubsection.5.9.2.8}{\376\377\0005\000.\0009\000.\0002\000.\0008\000\040\000G\000e\000t\000P\000r\000o\000p\000e\000r\000t\000y\000V\000a\000l\000u\000e\000\050\000\051\000\040\000[\0002\000/\0002\000]}{subsection.5.9.2}% 94
\BOOKMARK [3][-]{subsubsection.5.9.2.9}{\376\377\0005\000.\0009\000.\0002\000.\0009\000\040\000S\000e\000t\000P\000r\000o\000p\000e\000r\000t\000y\000V\000a\000l\000u\000e\000\050\000\051\000\040\000[\0001\000/\0002\000]}{subsection.5.9.2}% 95
\BOOKMARK [3][-]{subsubsection.5.9.2.10}{\376\377\0005\000.\0009\000.\0002\000.\0001\0000\000\040\000S\000e\000t\000P\000r\000o\000p\000e\000r\000t\000y\000V\000a\000l\000u\000e\000\050\000\051\000\040\000[\0002\000/\0002\000]}{subsection.5.9.2}% 96
\BOOKMARK [1][-]{section.5.10}{\376\377\0005\000.\0001\0000\000\040\000T\000i\000m\000e\000W\000a\000r\000.\000L\000o\000g\000i\000c\000.\000I\000n\000t\000e\000r\000f\000a\000c\000e\000s\000.\000I\000C\000o\000m\000m\000a\000n\000d\000\040\000I\000n\000t\000e\000r\000f\000a\000c\000e\000\040\000R\000e\000f\000e\000r\000e\000n\000c\000e}{chapter.5}% 97
\BOOKMARK [2][-]{subsection.5.10.1}{\376\377\0005\000.\0001\0000\000.\0001\000\040\000D\000e\000t\000a\000i\000l\000e\000d\000\040\000D\000e\000s\000c\000r\000i\000p\000t\000i\000o\000n}{section.5.10}% 98
\BOOKMARK [2][-]{subsection.5.10.2}{\376\377\0005\000.\0001\0000\000.\0002\000\040\000M\000e\000m\000b\000e\000r\000\040\000F\000u\000n\000c\000t\000i\000o\000n\000\040\000D\000o\000c\000u\000m\000e\000n\000t\000a\000t\000i\000o\000n}{section.5.10}% 99
\BOOKMARK [3][-]{subsubsection.5.10.2.1}{\376\377\0005\000.\0001\0000\000.\0002\000.\0001\000\040\000E\000x\000e\000c\000u\000t\000e\000\050\000\051}{subsection.5.10.2}% 100
\BOOKMARK [3][-]{subsubsection.5.10.2.2}{\376\377\0005\000.\0001\0000\000.\0002\000.\0002\000\040\000U\000n\000d\000o\000\050\000\051}{subsection.5.10.2}% 101
\BOOKMARK [1][-]{section.5.11}{\376\377\0005\000.\0001\0001\000\040\000T\000i\000m\000e\000W\000a\000r\000.\000L\000o\000g\000i\000c\000.\000I\000n\000t\000e\000r\000f\000a\000c\000e\000s\000.\000I\000C\000o\000m\000m\000a\000n\000d\000M\000a\000n\000a\000g\000e\000r\000\040\000I\000n\000t\000e\000r\000f\000a\000c\000e\000\040\000R\000e\000f\000e\000r\000e\000n\000c\000e}{chapter.5}% 102
\BOOKMARK [2][-]{subsection.5.11.1}{\376\377\0005\000.\0001\0001\000.\0001\000\040\000D\000e\000t\000a\000i\000l\000e\000d\000\040\000D\000e\000s\000c\000r\000i\000p\000t\000i\000o\000n}{section.5.11}% 103
\BOOKMARK [2][-]{subsection.5.11.2}{\376\377\0005\000.\0001\0001\000.\0002\000\040\000M\000e\000m\000b\000e\000r\000\040\000F\000u\000n\000c\000t\000i\000o\000n\000\040\000D\000o\000c\000u\000m\000e\000n\000t\000a\000t\000i\000o\000n}{section.5.11}% 104
\BOOKMARK [3][-]{subsubsection.5.11.2.1}{\376\377\0005\000.\0001\0001\000.\0002\000.\0001\000\040\000A\000d\000d\000C\000o\000m\000m\000a\000n\000d\000\050\000\051}{subsection.5.11.2}% 105
\BOOKMARK [3][-]{subsubsection.5.11.2.2}{\376\377\0005\000.\0001\0001\000.\0002\000.\0002\000\040\000C\000l\000e\000a\000r\000B\000u\000f\000f\000e\000r\000\050\000\051}{subsection.5.11.2}% 106
\BOOKMARK [3][-]{subsubsection.5.11.2.3}{\376\377\0005\000.\0001\0001\000.\0002\000.\0003\000\040\000R\000e\000w\000i\000n\000d\000\050\000\051}{subsection.5.11.2}% 107
\BOOKMARK [1][-]{section.5.12}{\376\377\0005\000.\0001\0002\000\040\000T\000i\000m\000e\000W\000a\000r\000.\000M\000o\000d\000e\000l\000.\000O\000b\000j\000e\000c\000t\000s\000.\000I\000n\000t\000e\000r\000f\000a\000c\000e\000s\000.\000I\000M\000o\000v\000e\000a\000b\000l\000e\000\040\000I\000n\000t\000e\000r\000f\000a\000c\000e\000\040\000R\000e\000f\000e\000r\000e\000n\000c\000e}{chapter.5}% 108
\BOOKMARK [2][-]{subsection.5.12.1}{\376\377\0005\000.\0001\0002\000.\0001\000\040\000D\000e\000t\000a\000i\000l\000e\000d\000\040\000D\000e\000s\000c\000r\000i\000p\000t\000i\000o\000n}{section.5.12}% 109
\BOOKMARK [2][-]{subsection.5.12.2}{\376\377\0005\000.\0001\0002\000.\0002\000\040\000P\000r\000o\000p\000e\000r\000t\000y\000\040\000D\000o\000c\000u\000m\000e\000n\000t\000a\000t\000i\000o\000n}{section.5.12}% 110
\BOOKMARK [3][-]{subsubsection.5.12.2.1}{\376\377\0005\000.\0001\0002\000.\0002\000.\0001\000\040\000P\000o\000s\000i\000t\000i\000o\000n}{subsection.5.12.2}% 111
\BOOKMARK [3][-]{subsubsection.5.12.2.2}{\376\377\0005\000.\0001\0002\000.\0002\000.\0002\000\040\000S\000p\000e\000e\000d}{subsection.5.12.2}% 112
\BOOKMARK [1][-]{section.5.13}{\376\377\0005\000.\0001\0003\000\040\000T\000i\000m\000e\000W\000a\000r\000.\000L\000o\000g\000i\000c\000.\000I\000n\000i\000t\000L\000o\000g\000i\000c\000\040\000C\000l\000a\000s\000s\000\040\000R\000e\000f\000e\000r\000e\000n\000c\000e}{chapter.5}% 113
\BOOKMARK [2][-]{subsection.5.13.1}{\376\377\0005\000.\0001\0003\000.\0001\000\040\000D\000e\000t\000a\000i\000l\000e\000d\000\040\000D\000e\000s\000c\000r\000i\000p\000t\000i\000o\000n}{section.5.13}% 114
\BOOKMARK [2][-]{subsection.5.13.2}{\376\377\0005\000.\0001\0003\000.\0002\000\040\000C\000o\000n\000s\000t\000r\000u\000c\000t\000o\000r\000\040\000\046\000\040\000D\000e\000s\000t\000r\000u\000c\000t\000o\000r\000\040\000D\000o\000c\000u\000m\000e\000n\000t\000a\000t\000i\000o\000n}{section.5.13}% 115
\BOOKMARK [3][-]{subsubsection.5.13.2.1}{\376\377\0005\000.\0001\0003\000.\0002\000.\0001\000\040\000I\000n\000i\000t\000L\000o\000g\000i\000c\000\050\000\051}{subsection.5.13.2}% 116
\BOOKMARK [1][-]{section.5.14}{\376\377\0005\000.\0001\0004\000\040\000T\000i\000m\000e\000W\000a\000r\000.\000M\000a\000i\000n\000.\000M\000a\000i\000n\000W\000i\000n\000d\000o\000w\000\040\000C\000l\000a\000s\000s\000\040\000R\000e\000f\000e\000r\000e\000n\000c\000e}{chapter.5}% 117
\BOOKMARK [2][-]{subsection.5.14.1}{\376\377\0005\000.\0001\0004\000.\0001\000\040\000D\000e\000t\000a\000i\000l\000e\000d\000\040\000D\000e\000s\000c\000r\000i\000p\000t\000i\000o\000n}{section.5.14}% 118
\BOOKMARK [2][-]{subsection.5.14.2}{\376\377\0005\000.\0001\0004\000.\0002\000\040\000C\000o\000n\000s\000t\000r\000u\000c\000t\000o\000r\000\040\000\046\000\040\000D\000e\000s\000t\000r\000u\000c\000t\000o\000r\000\040\000D\000o\000c\000u\000m\000e\000n\000t\000a\000t\000i\000o\000n}{section.5.14}% 119
\BOOKMARK [3][-]{subsubsection.5.14.2.1}{\376\377\0005\000.\0001\0004\000.\0002\000.\0001\000\040\000M\000a\000i\000n\000W\000i\000n\000d\000o\000w\000\050\000\051}{subsection.5.14.2}% 120
\BOOKMARK [2][-]{subsection.5.14.3}{\376\377\0005\000.\0001\0004\000.\0003\000\040\000M\000e\000m\000b\000e\000r\000\040\000F\000u\000n\000c\000t\000i\000o\000n\000\040\000D\000o\000c\000u\000m\000e\000n\000t\000a\000t\000i\000o\000n}{section.5.14}% 121
\BOOKMARK [3][-]{subsubsection.5.14.3.1}{\376\377\0005\000.\0001\0004\000.\0003\000.\0001\000\040\000I\000n\000i\000t\000i\000a\000l\000i\000z\000e\000C\000o\000m\000p\000o\000n\000e\000n\000t\000\050\000\051\000\040\000[\0001\000/\0002\000]}{subsection.5.14.3}% 122
\BOOKMARK [3][-]{subsubsection.5.14.3.2}{\376\377\0005\000.\0001\0004\000.\0003\000.\0002\000\040\000I\000n\000i\000t\000i\000a\000l\000i\000z\000e\000C\000o\000m\000p\000o\000n\000e\000n\000t\000\050\000\051\000\040\000[\0002\000/\0002\000]}{subsection.5.14.3}% 123
\BOOKMARK [1][-]{section.5.15}{\376\377\0005\000.\0001\0005\000\040\000T\000i\000m\000e\000W\000a\000r\000.\000L\000o\000g\000i\000c\000.\000C\000l\000a\000s\000s\000e\000s\000.\000C\000h\000a\000r\000a\000c\000t\000e\000r\000s\000.\000A\000c\000t\000i\000o\000n\000s\000.\000M\000o\000v\000e\000C\000o\000m\000m\000a\000n\000d\000\040\000C\000l\000a\000s\000s\000\040\000R\000e\000f\000e\000r\000e\000n\000c\000e}{chapter.5}% 124
\BOOKMARK [2][-]{subsection.5.15.1}{\376\377\0005\000.\0001\0005\000.\0001\000\040\000D\000e\000t\000a\000i\000l\000e\000d\000\040\000D\000e\000s\000c\000r\000i\000p\000t\000i\000o\000n}{section.5.15}% 125
\BOOKMARK [2][-]{subsection.5.15.2}{\376\377\0005\000.\0001\0005\000.\0002\000\040\000C\000o\000n\000s\000t\000r\000u\000c\000t\000o\000r\000\040\000\046\000\040\000D\000e\000s\000t\000r\000u\000c\000t\000o\000r\000\040\000D\000o\000c\000u\000m\000e\000n\000t\000a\000t\000i\000o\000n}{section.5.15}% 126
\BOOKMARK [3][-]{subsubsection.5.15.2.1}{\376\377\0005\000.\0001\0005\000.\0002\000.\0001\000\040\000M\000o\000v\000e\000C\000o\000m\000m\000a\000n\000d\000\050\000\051}{subsection.5.15.2}% 127
\BOOKMARK [1][-]{section.5.16}{\376\377\0005\000.\0001\0006\000\040\000T\000i\000m\000e\000W\000a\000r\000.\000M\000o\000d\000e\000l\000.\000O\000b\000j\000e\000c\000t\000s\000.\000P\000l\000a\000y\000e\000r\000\040\000C\000l\000a\000s\000s\000\040\000R\000e\000f\000e\000r\000e\000n\000c\000e}{chapter.5}% 128
\BOOKMARK [2][-]{subsection.5.16.1}{\376\377\0005\000.\0001\0006\000.\0001\000\040\000D\000e\000t\000a\000i\000l\000e\000d\000\040\000D\000e\000s\000c\000r\000i\000p\000t\000i\000o\000n}{section.5.16}% 129
\BOOKMARK [2][-]{subsection.5.16.2}{\376\377\0005\000.\0001\0006\000.\0002\000\040\000C\000o\000n\000s\000t\000r\000u\000c\000t\000o\000r\000\040\000\046\000\040\000D\000e\000s\000t\000r\000u\000c\000t\000o\000r\000\040\000D\000o\000c\000u\000m\000e\000n\000t\000a\000t\000i\000o\000n}{section.5.16}% 130
\BOOKMARK [3][-]{subsubsection.5.16.2.1}{\376\377\0005\000.\0001\0006\000.\0002\000.\0001\000\040\000P\000l\000a\000y\000e\000r\000\050\000\051}{subsection.5.16.2}% 131
\BOOKMARK [1][-]{section.5.17}{\376\377\0005\000.\0001\0007\000\040\000T\000i\000m\000e\000W\000a\000r\000.\000M\000o\000d\000e\000l\000.\000O\000b\000j\000e\000c\000t\000s\000.\000V\000i\000e\000w\000p\000o\000r\000t\000\040\000C\000l\000a\000s\000s\000\040\000R\000e\000f\000e\000r\000e\000n\000c\000e}{chapter.5}% 132
\BOOKMARK [2][-]{subsection.5.17.1}{\376\377\0005\000.\0001\0007\000.\0001\000\040\000D\000e\000t\000a\000i\000l\000e\000d\000\040\000D\000e\000s\000c\000r\000i\000p\000t\000i\000o\000n}{section.5.17}% 133
\BOOKMARK [2][-]{subsection.5.17.2}{\376\377\0005\000.\0001\0007\000.\0002\000\040\000C\000o\000n\000s\000t\000r\000u\000c\000t\000o\000r\000\040\000\046\000\040\000D\000e\000s\000t\000r\000u\000c\000t\000o\000r\000\040\000D\000o\000c\000u\000m\000e\000n\000t\000a\000t\000i\000o\000n}{section.5.17}% 134
\BOOKMARK [3][-]{subsubsection.5.17.2.1}{\376\377\0005\000.\0001\0007\000.\0002\000.\0001\000\040\000V\000i\000e\000w\000p\000o\000r\000t\000\050\000\051}{subsection.5.17.2}% 135
\BOOKMARK [2][-]{subsection.5.17.3}{\376\377\0005\000.\0001\0007\000.\0003\000\040\000P\000r\000o\000p\000e\000r\000t\000y\000\040\000D\000o\000c\000u\000m\000e\000n\000t\000a\000t\000i\000o\000n}{section.5.17}% 136
\BOOKMARK [3][-]{subsubsection.5.17.3.1}{\376\377\0005\000.\0001\0007\000.\0003\000.\0001\000\040\000F\000o\000l\000l\000o\000w\000e\000d}{subsection.5.17.3}% 137
\BOOKMARK [3][-]{subsubsection.5.17.3.2}{\376\377\0005\000.\0001\0007\000.\0003\000.\0002\000\040\000G\000e\000t\000R\000e\000l\000a\000t\000i\000v\000e\000C\000h\000a\000r\000a\000c\000t\000e\000r\000P\000o\000s\000X}{subsection.5.17.3}% 138
\BOOKMARK [3][-]{subsubsection.5.17.3.3}{\376\377\0005\000.\0001\0007\000.\0003\000.\0003\000\040\000G\000e\000t\000R\000e\000l\000a\000t\000i\000v\000e\000C\000h\000a\000r\000a\000c\000t\000e\000r\000P\000o\000s\000Y}{subsection.5.17.3}% 139
\BOOKMARK [3][-]{subsubsection.5.17.3.4}{\376\377\0005\000.\0001\0007\000.\0003\000.\0004\000\040\000G\000e\000t\000V\000i\000e\000w\000p\000o\000r\000t\000X}{subsection.5.17.3}% 140
\BOOKMARK [3][-]{subsubsection.5.17.3.5}{\376\377\0005\000.\0001\0007\000.\0003\000.\0005\000\040\000G\000e\000t\000V\000i\000e\000w\000p\000o\000r\000t\000Y}{subsection.5.17.3}% 141
\BOOKMARK [3][-]{subsubsection.5.17.3.6}{\376\377\0005\000.\0001\0007\000.\0003\000.\0006\000\040\000W\000i\000n\000d\000o\000w\000H\000e\000i\000g\000h\000t}{subsection.5.17.3}% 142
\BOOKMARK [3][-]{subsubsection.5.17.3.7}{\376\377\0005\000.\0001\0007\000.\0003\000.\0007\000\040\000W\000i\000n\000d\000o\000w\000W\000i\000d\000t\000h}{subsection.5.17.3}% 143
\BOOKMARK [0][-]{section*.47}{\376\377\000I\000n\000d\000e\000x}{}% 144
